<?xml version="1.0" encoding="UTF-8"?>
<testng-results ignored="0" total="1" passed="1" failed="0" skipped="0">
  <reporter-output>
  </reporter-output>
  <suite started-at="2021-08-28T23:07:11 EDT" name="Default suite" finished-at="2021-08-28T23:07:15 EDT" duration-ms="3787">
    <groups>
    </groups>
    <test started-at="2021-08-28T23:07:11 EDT" name="Default test" finished-at="2021-08-28T23:07:15 EDT" duration-ms="3787">
      <class name="practise1.day2">
        <test-method signature="test_1()[pri:0, instance:practise1.day2@366647c2]" started-at="2021-08-28T23:07:11 EDT" name="test_1" finished-at="2021-08-28T23:07:15 EDT" duration-ms="3707" status="PASS">
          <reporter-output>
          </reporter-output>
        </test-method> <!-- test_1 -->
      </class> <!-- practise1.day2 -->
    </test> <!-- Default test -->
  </suite> <!-- Default suite -->
</testng-results>
